build/app/intermediates/manifest_merge_blame_file/release/manifest-merger-blame-release-report.txt
1<?xml version="1.0" encoding="utf-8"?>
2<manifest xmlns:android="http://schemas.android.com/apk/res/android"
3    package="com.project.covid_app"
4    android:versionCode="1"
5    android:versionName="1.0.0" >
6
7    <uses-sdk
8        android:minSdkVersion="21"
8-->src\main\AndroidManifest.xml
9        android:targetSdkVersion="30" />
9-->src\main\AndroidManifest.xml
10
11    <uses-permission android:name="android.permission.INTERNET" />
11-->src\main\AndroidManifest.xml:3:4-66
11-->src\main\AndroidManifest.xml:3:21-63
12
13    <queries>
13-->src\main\AndroidManifest.xml:4:5-17:15
14        <intent>
14-->src\main\AndroidManifest.xml:5:9-8:18
15            <action android:name="android.intent.action.DIAL" />
15-->src\main\AndroidManifest.xml:6:13-65
15-->src\main\AndroidManifest.xml:6:21-62
16
17            <data android:scheme="tel" />
17-->src\main\AndroidManifest.xml:7:13-42
17-->src\main\AndroidManifest.xml:7:19-39
18        </intent>
19        <intent>
19-->src\main\AndroidManifest.xml:9:9-12:18
20            <action android:name="android.intent.action.VIEW" />
20-->src\main\AndroidManifest.xml:10:13-65
20-->src\main\AndroidManifest.xml:10:21-62
21
22            <data android:scheme="https" />
22-->src\main\AndroidManifest.xml:7:13-42
22-->src\main\AndroidManifest.xml:7:19-39
23        </intent>
24        <intent>
24-->src\main\AndroidManifest.xml:13:9-16:18
25            <action android:name="android.intent.action.SEND" />
25-->src\main\AndroidManifest.xml:14:13-65
25-->src\main\AndroidManifest.xml:14:21-62
26
27            <data android:mimeType="*/*" />
27-->src\main\AndroidManifest.xml:7:13-42
27-->src\main\AndroidManifest.xml:15:19-41
28        </intent>
29    </queries>
30
31    <uses-permission android:name="android.permission.WAKE_LOCK" />
31-->[:firebase_messaging] AndroidManifest.xml:8:5-68
31-->[:firebase_messaging] AndroidManifest.xml:8:22-65
32    <uses-permission android:name="android.permission.ACCESS_NETWORK_STATE" />
32-->[:firebase_messaging] AndroidManifest.xml:9:5-79
32-->[:firebase_messaging] AndroidManifest.xml:9:22-76
33    <uses-permission android:name="android.permission.RECEIVE_BOOT_COMPLETED" />
33-->[:flutter_local_notifications] AndroidManifest.xml:7:5-81
33-->[:flutter_local_notifications] AndroidManifest.xml:7:22-78
34    <uses-permission android:name="android.permission.VIBRATE" />
34-->[:flutter_local_notifications] AndroidManifest.xml:8:5-66
34-->[:flutter_local_notifications] AndroidManifest.xml:8:22-63
35    <uses-permission android:name="android.permission.USE_FULL_SCREEN_INTENT" /> <!-- Required by older versions of Google Play services to create IID tokens -->
35-->[:flutter_local_notifications] AndroidManifest.xml:9:5-81
35-->[:flutter_local_notifications] AndroidManifest.xml:9:22-78
36    <uses-permission android:name="com.google.android.c2dm.permission.RECEIVE" />
36-->[com.google.firebase:firebase-messaging:22.0.0] AndroidManifest.xml:25:5-82
36-->[com.google.firebase:firebase-messaging:22.0.0] AndroidManifest.xml:25:22-79
37
38    <application
38-->src\main\AndroidManifest.xml:18:4-63:19
39        android:name="com.project.covid_app.Application"
39-->src\main\AndroidManifest.xml:19:9-36
40        android:appComponentFactory="androidx.core.app.CoreComponentFactory"
40-->[androidx.core:core:1.5.0-rc01] AndroidManifest.xml:24:18-86
41        android:icon="@mipmap/ic_launcher"
41-->src\main\AndroidManifest.xml:21:9-43
42        android:label="CoviSahayata" >
42-->src\main\AndroidManifest.xml:20:9-37
43        <activity
43-->src\main\AndroidManifest.xml:22:9-54:20
44            android:name="com.project.covid_app.MainActivity"
44-->src\main\AndroidManifest.xml:23:13-41
45            android:configChanges="orientation|keyboardHidden|keyboard|screenSize|smallestScreenSize|locale|layoutDirection|fontScale|screenLayout|density|uiMode"
45-->src\main\AndroidManifest.xml:26:13-163
46            android:hardwareAccelerated="true"
46-->src\main\AndroidManifest.xml:27:13-47
47            android:launchMode="singleTop"
47-->src\main\AndroidManifest.xml:24:13-43
48            android:theme="@style/LaunchTheme"
48-->src\main\AndroidManifest.xml:25:13-47
49            android:windowSoftInputMode="adjustResize" >
49-->src\main\AndroidManifest.xml:28:13-55
50
51            <!--
52                 Specifies an Android theme to apply to this Activity as soon as
53                 the Android process has started. This theme is visible to the user
54                 while the Flutter UI initializes. After that, this theme continues
55                 to determine the Window background behind the Flutter UI.
56            -->
57            <meta-data
57-->src\main\AndroidManifest.xml:33:13-36:17
58                android:name="io.flutter.embedding.android.NormalTheme"
58-->src\main\AndroidManifest.xml:34:15-70
59                android:resource="@style/NormalTheme" />
59-->src\main\AndroidManifest.xml:35:15-52
60            <!--
61                 Displays an Android View that continues showing the launch screen
62                 Drawable until Flutter paints its first frame, then this splash
63                 screen fades out. A splash screen is useful to avoid any visual
64                 gap between the end of Android's launch screen and the painting of
65                 Flutter's first frame.
66            -->
67            <meta-data
67-->src\main\AndroidManifest.xml:42:13-45:17
68                android:name="io.flutter.embedding.android.SplashScreenDrawable"
68-->src\main\AndroidManifest.xml:43:15-79
69                android:resource="@drawable/launch_background" />
69-->src\main\AndroidManifest.xml:44:15-61
70
71            <intent-filter>
71-->src\main\AndroidManifest.xml:46:13-49:29
72                <action android:name="android.intent.action.MAIN" />
72-->src\main\AndroidManifest.xml:47:17-68
72-->src\main\AndroidManifest.xml:47:25-66
73
74                <category android:name="android.intent.category.LAUNCHER" />
74-->src\main\AndroidManifest.xml:48:17-76
74-->src\main\AndroidManifest.xml:48:27-74
75            </intent-filter>
76            <intent-filter>
76-->src\main\AndroidManifest.xml:50:13-53:29
77                <action android:name="FLUTTER_NOTIFICATION_CLICK" />
77-->src\main\AndroidManifest.xml:51:17-69
77-->src\main\AndroidManifest.xml:51:25-66
78
79                <category android:name="android.intent.category.DEFAULT" />
79-->src\main\AndroidManifest.xml:52:17-76
79-->src\main\AndroidManifest.xml:52:27-73
80            </intent-filter>
81        </activity>
82        <!--
83             Don't delete the meta-data below.
84             This is used by the Flutter tool to generate GeneratedPluginRegistrant.java
85        -->
86        <meta-data
86-->src\main\AndroidManifest.xml:57:9-59:33
87            android:name="flutterEmbedding"
87-->src\main\AndroidManifest.xml:58:13-44
88            android:value="2" />
88-->src\main\AndroidManifest.xml:59:13-30
89        <meta-data
89-->src\main\AndroidManifest.xml:60:9-62:54
90            android:name="com.google.firebase.messaging.default_notification_channel_id"
90-->src\main\AndroidManifest.xml:61:12-88
91            android:value="high_importance_channel" />
91-->src\main\AndroidManifest.xml:62:12-51
92
93        <service
93-->[:firebase_auth] AndroidManifest.xml:8:9-12:19
94            android:name="com.google.firebase.components.ComponentDiscoveryService"
94-->[:firebase_auth] AndroidManifest.xml:8:18-89
95            android:directBootAware="true"
95-->[com.google.firebase:firebase-common:20.0.0] AndroidManifest.xml:35:13-43
96            android:exported="false" >
96-->[com.google.firebase:firebase-auth-ktx:21.0.1] AndroidManifest.xml:10:13-37
97            <meta-data
97-->[:firebase_auth] AndroidManifest.xml:9:13-11:85
98                android:name="com.google.firebase.components:io.flutter.plugins.firebase.auth.FlutterFirebaseAuthRegistrar"
98-->[:firebase_auth] AndroidManifest.xml:10:17-124
99                android:value="com.google.firebase.components.ComponentRegistrar" />
99-->[:firebase_auth] AndroidManifest.xml:11:17-82
100            <meta-data
100-->[:cloud_firestore] AndroidManifest.xml:9:13-11:85
101                android:name="com.google.firebase.components:io.flutter.plugins.firebase.firestore.FlutterFirebaseFirestoreRegistrar"
101-->[:cloud_firestore] AndroidManifest.xml:10:17-134
102                android:value="com.google.firebase.components.ComponentRegistrar" />
102-->[:cloud_firestore] AndroidManifest.xml:11:17-82
103            <meta-data
103-->[:firebase_messaging] AndroidManifest.xml:34:13-36:85
104                android:name="com.google.firebase.components:io.flutter.plugins.firebase.messaging.FlutterFirebaseAppRegistrar"
104-->[:firebase_messaging] AndroidManifest.xml:35:17-128
105                android:value="com.google.firebase.components.ComponentRegistrar" />
105-->[:firebase_messaging] AndroidManifest.xml:36:17-82
106            <meta-data
106-->[:firebase_core] AndroidManifest.xml:9:13-11:85
107                android:name="com.google.firebase.components:io.flutter.plugins.firebase.core.FlutterFirebaseCoreRegistrar"
107-->[:firebase_core] AndroidManifest.xml:10:17-124
108                android:value="com.google.firebase.components.ComponentRegistrar" />
108-->[:firebase_core] AndroidManifest.xml:11:17-82
109            <meta-data
109-->[com.google.firebase:firebase-auth-ktx:21.0.1] AndroidManifest.xml:11:13-13:85
110                android:name="com.google.firebase.components:com.google.firebase.auth.ktx.FirebaseAuthKtxRegistrar"
110-->[com.google.firebase:firebase-auth-ktx:21.0.1] AndroidManifest.xml:12:17-116
111                android:value="com.google.firebase.components.ComponentRegistrar" />
111-->[com.google.firebase:firebase-auth-ktx:21.0.1] AndroidManifest.xml:13:17-82
112            <meta-data
112-->[com.google.firebase:firebase-common-ktx:20.0.0] AndroidManifest.xml:15:13-17:85
113                android:name="com.google.firebase.components:com.google.firebase.ktx.FirebaseCommonKtxRegistrar"
113-->[com.google.firebase:firebase-common-ktx:20.0.0] AndroidManifest.xml:16:17-113
114                android:value="com.google.firebase.components.ComponentRegistrar" />
114-->[com.google.firebase:firebase-common-ktx:20.0.0] AndroidManifest.xml:17:17-82
115            <meta-data
115-->[com.google.firebase:firebase-messaging:22.0.0] AndroidManifest.xml:52:13-54:85
116                android:name="com.google.firebase.components:com.google.firebase.messaging.FirebaseMessagingRegistrar"
116-->[com.google.firebase:firebase-messaging:22.0.0] AndroidManifest.xml:53:17-119
117                android:value="com.google.firebase.components.ComponentRegistrar" />
117-->[com.google.firebase:firebase-messaging:22.0.0] AndroidManifest.xml:54:17-82
118            <meta-data
118-->[com.google.firebase:firebase-datatransport:18.0.0] AndroidManifest.xml:28:13-30:85
119                android:name="com.google.firebase.components:com.google.firebase.datatransport.TransportRegistrar"
119-->[com.google.firebase:firebase-datatransport:18.0.0] AndroidManifest.xml:29:17-115
120                android:value="com.google.firebase.components.ComponentRegistrar" />
120-->[com.google.firebase:firebase-datatransport:18.0.0] AndroidManifest.xml:30:17-82
121            <meta-data
121-->[com.google.firebase:firebase-auth:21.0.1] AndroidManifest.xml:77:13-79:85
122                android:name="com.google.firebase.components:com.google.firebase.auth.FirebaseAuthRegistrar"
122-->[com.google.firebase:firebase-auth:21.0.1] AndroidManifest.xml:78:17-109
123                android:value="com.google.firebase.components.ComponentRegistrar" />
123-->[com.google.firebase:firebase-auth:21.0.1] AndroidManifest.xml:79:17-82
124            <meta-data
124-->[com.google.firebase:firebase-firestore:23.0.0] AndroidManifest.xml:20:13-22:85
125                android:name="com.google.firebase.components:com.google.firebase.firestore.FirestoreRegistrar"
125-->[com.google.firebase:firebase-firestore:23.0.0] AndroidManifest.xml:21:17-111
126                android:value="com.google.firebase.components.ComponentRegistrar" />
126-->[com.google.firebase:firebase-firestore:23.0.0] AndroidManifest.xml:22:17-82
127            <meta-data
127-->[com.google.firebase:firebase-installations:17.0.0] AndroidManifest.xml:18:13-20:85
128                android:name="com.google.firebase.components:com.google.firebase.installations.FirebaseInstallationsRegistrar"
128-->[com.google.firebase:firebase-installations:17.0.0] AndroidManifest.xml:19:17-127
129                android:value="com.google.firebase.components.ComponentRegistrar" />
129-->[com.google.firebase:firebase-installations:17.0.0] AndroidManifest.xml:20:17-82
130        </service>
131        <service
131-->[:firebase_messaging] AndroidManifest.xml:12:9-15:72
132            android:name="io.flutter.plugins.firebase.messaging.FlutterFirebaseMessagingBackgroundService"
132-->[:firebase_messaging] AndroidManifest.xml:13:13-107
133            android:exported="false"
133-->[:firebase_messaging] AndroidManifest.xml:14:13-37
134            android:permission="android.permission.BIND_JOB_SERVICE" />
134-->[:firebase_messaging] AndroidManifest.xml:15:13-69
135        <service
135-->[:firebase_messaging] AndroidManifest.xml:16:9-22:19
136            android:name="io.flutter.plugins.firebase.messaging.FlutterFirebaseMessagingService"
136-->[:firebase_messaging] AndroidManifest.xml:17:13-97
137            android:exported="false" >
137-->[:firebase_messaging] AndroidManifest.xml:18:13-37
138            <intent-filter>
138-->[:firebase_messaging] AndroidManifest.xml:19:13-21:29
139                <action android:name="com.google.firebase.MESSAGING_EVENT" />
139-->[:firebase_messaging] AndroidManifest.xml:20:17-78
139-->[:firebase_messaging] AndroidManifest.xml:20:25-75
140            </intent-filter>
141        </service>
142
143        <receiver
143-->[:firebase_messaging] AndroidManifest.xml:24:9-31:20
144            android:name="io.flutter.plugins.firebase.messaging.FlutterFirebaseMessagingReceiver"
144-->[:firebase_messaging] AndroidManifest.xml:25:13-98
145            android:exported="true"
145-->[:firebase_messaging] AndroidManifest.xml:26:13-36
146            android:permission="com.google.android.c2dm.permission.SEND" >
146-->[:firebase_messaging] AndroidManifest.xml:27:13-73
147            <intent-filter>
147-->[:firebase_messaging] AndroidManifest.xml:28:13-30:29
148                <action android:name="com.google.android.c2dm.intent.RECEIVE" />
148-->[:firebase_messaging] AndroidManifest.xml:29:17-81
148-->[:firebase_messaging] AndroidManifest.xml:29:25-78
149            </intent-filter>
150        </receiver>
151
152        <provider
152-->[:firebase_messaging] AndroidManifest.xml:39:9-43:38
153            android:name="io.flutter.plugins.firebase.messaging.FlutterFirebaseMessagingInitProvider"
153-->[:firebase_messaging] AndroidManifest.xml:40:13-102
154            android:authorities="com.project.covid_app.flutterfirebasemessaginginitprovider"
154-->[:firebase_messaging] AndroidManifest.xml:41:13-88
155            android:exported="false"
155-->[:firebase_messaging] AndroidManifest.xml:42:13-37
156            android:initOrder="99" />
156-->[:firebase_messaging] AndroidManifest.xml:43:13-35
157
158        <receiver android:name="com.dexterous.flutterlocalnotifications.ScheduledNotificationReceiver" />
158-->[:flutter_local_notifications] AndroidManifest.xml:12:9-106
158-->[:flutter_local_notifications] AndroidManifest.xml:12:19-103
159        <receiver android:name="com.dexterous.flutterlocalnotifications.ScheduledNotificationBootReceiver" >
159-->[:flutter_local_notifications] AndroidManifest.xml:13:9-20:20
159-->[:flutter_local_notifications] AndroidManifest.xml:13:19-107
160            <intent-filter>
160-->[:flutter_local_notifications] AndroidManifest.xml:14:13-19:29
161                <action android:name="android.intent.action.BOOT_COMPLETED" />
161-->[:flutter_local_notifications] AndroidManifest.xml:15:17-79
161-->[:flutter_local_notifications] AndroidManifest.xml:15:25-76
162                <action android:name="android.intent.action.MY_PACKAGE_REPLACED" />
162-->[:flutter_local_notifications] AndroidManifest.xml:16:17-84
162-->[:flutter_local_notifications] AndroidManifest.xml:16:25-81
163                <action android:name="android.intent.action.QUICKBOOT_POWERON" />
163-->[:flutter_local_notifications] AndroidManifest.xml:17:17-82
163-->[:flutter_local_notifications] AndroidManifest.xml:17:25-79
164                <action android:name="com.htc.intent.action.QUICKBOOT_POWERON" />
164-->[:flutter_local_notifications] AndroidManifest.xml:18:17-82
164-->[:flutter_local_notifications] AndroidManifest.xml:18:25-79
165            </intent-filter>
166        </receiver>
167
168        <activity
168-->[:url_launcher] AndroidManifest.xml:8:9-11:74
169            android:name="io.flutter.plugins.urllauncher.WebViewActivity"
169-->[:url_launcher] AndroidManifest.xml:9:13-74
170            android:exported="false"
170-->[:url_launcher] AndroidManifest.xml:10:13-37
171            android:theme="@android:style/Theme.NoTitleBar.Fullscreen" />
171-->[:url_launcher] AndroidManifest.xml:11:13-71
172
173        <receiver
173-->[com.google.firebase:firebase-messaging:22.0.0] AndroidManifest.xml:28:9-35:20
174            android:name="com.google.firebase.iid.FirebaseInstanceIdReceiver"
174-->[com.google.firebase:firebase-messaging:22.0.0] AndroidManifest.xml:29:13-78
175            android:exported="true"
175-->[com.google.firebase:firebase-messaging:22.0.0] AndroidManifest.xml:30:13-36
176            android:permission="com.google.android.c2dm.permission.SEND" >
176-->[com.google.firebase:firebase-messaging:22.0.0] AndroidManifest.xml:31:13-73
177            <intent-filter>
177-->[:firebase_messaging] AndroidManifest.xml:28:13-30:29
178                <action android:name="com.google.android.c2dm.intent.RECEIVE" />
178-->[:firebase_messaging] AndroidManifest.xml:29:17-81
178-->[:firebase_messaging] AndroidManifest.xml:29:25-78
179            </intent-filter>
180        </receiver>
181        <!--
182             FirebaseMessagingService performs security checks at runtime,
183             but set to not exported to explicitly avoid allowing another app to call it.
184        -->
185        <service
185-->[com.google.firebase:firebase-messaging:22.0.0] AndroidManifest.xml:41:9-48:19
186            android:name="com.google.firebase.messaging.FirebaseMessagingService"
186-->[com.google.firebase:firebase-messaging:22.0.0] AndroidManifest.xml:42:13-82
187            android:directBootAware="true"
187-->[com.google.firebase:firebase-messaging:22.0.0] AndroidManifest.xml:43:13-43
188            android:exported="false" >
188-->[com.google.firebase:firebase-messaging:22.0.0] AndroidManifest.xml:44:13-37
189            <intent-filter android:priority="-500" >
189-->[:firebase_messaging] AndroidManifest.xml:19:13-21:29
190                <action android:name="com.google.firebase.MESSAGING_EVENT" />
190-->[:firebase_messaging] AndroidManifest.xml:20:17-78
190-->[:firebase_messaging] AndroidManifest.xml:20:25-75
191            </intent-filter>
192        </service>
193        <service
193-->[com.google.android.datatransport:transport-backend-cct:3.0.0] AndroidManifest.xml:29:9-35:19
194            android:name="com.google.android.datatransport.runtime.backends.TransportBackendDiscovery"
194-->[com.google.android.datatransport:transport-backend-cct:3.0.0] AndroidManifest.xml:30:13-103
195            android:exported="false" >
195-->[com.google.android.datatransport:transport-backend-cct:3.0.0] AndroidManifest.xml:31:13-37
196            <meta-data
196-->[com.google.android.datatransport:transport-backend-cct:3.0.0] AndroidManifest.xml:32:13-34:39
197                android:name="backend:com.google.android.datatransport.cct.CctBackendFactory"
197-->[com.google.android.datatransport:transport-backend-cct:3.0.0] AndroidManifest.xml:33:17-94
198                android:value="cct" />
198-->[com.google.android.datatransport:transport-backend-cct:3.0.0] AndroidManifest.xml:34:17-36
199        </service>
200
201        <activity
201-->[com.google.firebase:firebase-auth:21.0.1] AndroidManifest.xml:27:9-44:20
202            android:name="com.google.firebase.auth.internal.GenericIdpActivity"
202-->[com.google.firebase:firebase-auth:21.0.1] AndroidManifest.xml:28:13-80
203            android:excludeFromRecents="true"
203-->[com.google.firebase:firebase-auth:21.0.1] AndroidManifest.xml:29:13-46
204            android:exported="true"
204-->[com.google.firebase:firebase-auth:21.0.1] AndroidManifest.xml:30:13-36
205            android:launchMode="singleTask"
205-->[com.google.firebase:firebase-auth:21.0.1] AndroidManifest.xml:31:13-44
206            android:theme="@android:style/Theme.Translucent.NoTitleBar" >
206-->[com.google.firebase:firebase-auth:21.0.1] AndroidManifest.xml:32:13-72
207            <intent-filter>
207-->[com.google.firebase:firebase-auth:21.0.1] AndroidManifest.xml:33:13-43:29
208                <action android:name="android.intent.action.VIEW" />
208-->src\main\AndroidManifest.xml:10:13-65
208-->src\main\AndroidManifest.xml:10:21-62
209
210                <category android:name="android.intent.category.DEFAULT" />
210-->src\main\AndroidManifest.xml:52:17-76
210-->src\main\AndroidManifest.xml:52:27-73
211                <category android:name="android.intent.category.BROWSABLE" />
211-->[com.google.firebase:firebase-auth:21.0.1] AndroidManifest.xml:37:17-78
211-->[com.google.firebase:firebase-auth:21.0.1] AndroidManifest.xml:37:27-75
212
213                <data
213-->src\main\AndroidManifest.xml:7:13-42
214                    android:host="firebase.auth"
215                    android:path="/"
216                    android:scheme="genericidp" />
216-->src\main\AndroidManifest.xml:7:19-39
217            </intent-filter>
218        </activity>
219        <activity
219-->[com.google.firebase:firebase-auth:21.0.1] AndroidManifest.xml:45:9-62:20
220            android:name="com.google.firebase.auth.internal.RecaptchaActivity"
220-->[com.google.firebase:firebase-auth:21.0.1] AndroidManifest.xml:46:13-79
221            android:excludeFromRecents="true"
221-->[com.google.firebase:firebase-auth:21.0.1] AndroidManifest.xml:47:13-46
222            android:exported="true"
222-->[com.google.firebase:firebase-auth:21.0.1] AndroidManifest.xml:48:13-36
223            android:launchMode="singleTask"
223-->[com.google.firebase:firebase-auth:21.0.1] AndroidManifest.xml:49:13-44
224            android:theme="@android:style/Theme.Translucent.NoTitleBar" >
224-->[com.google.firebase:firebase-auth:21.0.1] AndroidManifest.xml:50:13-72
225            <intent-filter>
225-->[com.google.firebase:firebase-auth:21.0.1] AndroidManifest.xml:51:13-61:29
226                <action android:name="android.intent.action.VIEW" />
226-->src\main\AndroidManifest.xml:10:13-65
226-->src\main\AndroidManifest.xml:10:21-62
227
228                <category android:name="android.intent.category.DEFAULT" />
228-->src\main\AndroidManifest.xml:52:17-76
228-->src\main\AndroidManifest.xml:52:27-73
229                <category android:name="android.intent.category.BROWSABLE" />
229-->[com.google.firebase:firebase-auth:21.0.1] AndroidManifest.xml:37:17-78
229-->[com.google.firebase:firebase-auth:21.0.1] AndroidManifest.xml:37:27-75
230
231                <data
231-->src\main\AndroidManifest.xml:7:13-42
232                    android:host="firebase.auth"
233                    android:path="/"
234                    android:scheme="recaptcha" />
234-->src\main\AndroidManifest.xml:7:19-39
235            </intent-filter>
236        </activity>
237
238        <service
238-->[com.google.firebase:firebase-auth:21.0.1] AndroidManifest.xml:64:9-73:19
239            android:name="com.google.firebase.auth.api.fallback.service.FirebaseAuthFallbackService"
239-->[com.google.firebase:firebase-auth:21.0.1] AndroidManifest.xml:65:13-101
240            android:enabled="true"
240-->[com.google.firebase:firebase-auth:21.0.1] AndroidManifest.xml:66:13-35
241            android:exported="false" >
241-->[com.google.firebase:firebase-auth:21.0.1] AndroidManifest.xml:67:13-37
242            <intent-filter>
242-->[com.google.firebase:firebase-auth:21.0.1] AndroidManifest.xml:68:13-72:29
243                <action android:name="com.google.firebase.auth.api.gms.service.START" />
243-->[com.google.firebase:firebase-auth:21.0.1] AndroidManifest.xml:69:17-89
243-->[com.google.firebase:firebase-auth:21.0.1] AndroidManifest.xml:69:25-86
244
245                <category android:name="android.intent.category.DEFAULT" />
245-->src\main\AndroidManifest.xml:52:17-76
245-->src\main\AndroidManifest.xml:52:27-73
246            </intent-filter>
247        </service>
248
249        <provider
249-->[com.google.firebase:firebase-common:20.0.0] AndroidManifest.xml:26:9-31:39
250            android:name="com.google.firebase.provider.FirebaseInitProvider"
250-->[com.google.firebase:firebase-common:20.0.0] AndroidManifest.xml:27:13-77
251            android:authorities="com.project.covid_app.firebaseinitprovider"
251-->[com.google.firebase:firebase-common:20.0.0] AndroidManifest.xml:28:13-72
252            android:directBootAware="true"
252-->[com.google.firebase:firebase-common:20.0.0] AndroidManifest.xml:29:13-43
253            android:exported="false"
253-->[com.google.firebase:firebase-common:20.0.0] AndroidManifest.xml:30:13-37
254            android:initOrder="100" />
254-->[com.google.firebase:firebase-common:20.0.0] AndroidManifest.xml:31:13-36
255
256        <activity
256-->[com.google.android.gms:play-services-base:17.1.0] AndroidManifest.xml:23:9-26:75
257            android:name="com.google.android.gms.common.api.GoogleApiActivity"
257-->[com.google.android.gms:play-services-base:17.1.0] AndroidManifest.xml:24:13-79
258            android:exported="false"
258-->[com.google.android.gms:play-services-base:17.1.0] AndroidManifest.xml:25:13-37
259            android:theme="@android:style/Theme.Translucent.NoTitleBar" />
259-->[com.google.android.gms:play-services-base:17.1.0] AndroidManifest.xml:26:13-72
260
261        <meta-data
261-->[com.google.android.gms:play-services-basement:17.1.0] AndroidManifest.xml:23:9-25:69
262            android:name="com.google.android.gms.version"
262-->[com.google.android.gms:play-services-basement:17.1.0] AndroidManifest.xml:24:13-58
263            android:value="@integer/google_play_services_version" />
263-->[com.google.android.gms:play-services-basement:17.1.0] AndroidManifest.xml:25:13-66
264
265        <service
265-->[com.google.android.datatransport:transport-runtime:3.0.0] AndroidManifest.xml:26:9-30:19
266            android:name="com.google.android.datatransport.runtime.scheduling.jobscheduling.JobInfoSchedulerService"
266-->[com.google.android.datatransport:transport-runtime:3.0.0] AndroidManifest.xml:27:13-117
267            android:exported="false"
267-->[com.google.android.datatransport:transport-runtime:3.0.0] AndroidManifest.xml:28:13-37
268            android:permission="android.permission.BIND_JOB_SERVICE" >
268-->[com.google.android.datatransport:transport-runtime:3.0.0] AndroidManifest.xml:29:13-69
269        </service>
270
271        <receiver
271-->[com.google.android.datatransport:transport-runtime:3.0.0] AndroidManifest.xml:32:9-34:40
272            android:name="com.google.android.datatransport.runtime.scheduling.jobscheduling.AlarmManagerSchedulerBroadcastReceiver"
272-->[com.google.android.datatransport:transport-runtime:3.0.0] AndroidManifest.xml:33:13-132
273            android:exported="false" />
273-->[com.google.android.datatransport:transport-runtime:3.0.0] AndroidManifest.xml:34:13-37
274    </application>
275
276</manifest>